<?xml version="1.0" encoding="UTF-8"?>
<!-- Generated by org.testng.reporters.JUnitReportReporter -->
<testsuite hostname="DESKTOP-4LCDHH9" failures="0" tests="3" name="com.crm.CampaignTest.CreateCampaignTest" time="19.738" errors="0" timestamp="2025-11-19T15:48:06 IST" skipped="0">
  <testcase classname="com.crm.CampaignTest.CreateCampaignTest" name="CreateCampaign" time="6.652">
    <system-out>
      <![CDATA[========CreateCampaign====START=====
========CreateCampaign=====END======]]>
    </system-out>
  </testcase> <!-- CreateCampaign -->
  <testcase classname="com.crm.CampaignTest.CreateCampaignTest" name="CreateCampaignWithExpectedCloseDate" time="7.124">
    <system-out>
      <![CDATA[========CreateCampaignWithExpectedCloseDate====START=====
========CreateCampaignWithExpectedCloseDate=====END======]]>
    </system-out>
  </testcase> <!-- CreateCampaignWithExpectedCloseDate -->
  <testcase classname="com.crm.CampaignTest.CreateCampaignTest" name="CampaignWithTypeAndStatus" time="5.962">
    <system-out>
      <![CDATA[========CampaignWithTypeAndStatus====START=====
========CampaignWithTypeAndStatus=====END======]]>
    </system-out>
  </testcase> <!-- CampaignWithTypeAndStatus -->
  <system-out>
    <![CDATA[Report Configuration
========CampaignWithTypeAndStatus====START=====
========CampaignWithTypeAndStatus=====END======
========CreateCampaign====START=====
========CreateCampaign=====END======
========CreateCampaignWithExpectedCloseDate====START=====
========CreateCampaignWithExpectedCloseDate=====END======]]>
  </system-out>
</testsuite> <!-- com.crm.CampaignTest.CreateCampaignTest -->
