<?xml version="1.0" encoding="UTF-8"?>
<!-- Generated by org.testng.reporters.JUnitReportReporter -->
<testsuite hostname="DESKTOP-4LCDHH9" failures="0" tests="3" name="PractiseTestNG.Test2" time="0.009" errors="0" timestamp="2025-10-27T12:34:16 IST" skipped="0">
  <testcase classname="PractiseTestNG.Test2" name="ddd" time="0.007"/>
  <testcase classname="PractiseTestNG.Test2" name="ddd" time="0.001"/>
  <testcase classname="PractiseTestNG.Test2" name="ddd" time="0.001"/>
</testsuite> <!-- PractiseTestNG.Test2 -->
