<?xml version="1.0" encoding="UTF-8"?>
<!-- Generated by org.testng.reporters.JUnitReportReporter -->
<testsuite hostname="DESKTOP-4LCDHH9" failures="0" tests="2" name="Assertions.VerifyHomePage" time="0.024" errors="0" timestamp="2025-10-29T09:44:54 IST" skipped="0">
  <testcase classname="Assertions.VerifyHomePage" name="VerifyHomePage" time="0.024">
    <system-out>
      <![CDATA[Test1
Test2
Test3
Test4]]>
    </system-out>
  </testcase> <!-- VerifyHomePage -->
  <testcase classname="Assertions.VerifyHomePage" name="VerifyLogo" time="0.000">
    <system-out>
      <![CDATA[Test1
Test2
Test3
Test4]]>
    </system-out>
  </testcase> <!-- VerifyLogo -->
  <system-out>
    <![CDATA[Test1
Test2
Test3
Test4
Test1
Test2
Test3
Test4]]>
  </system-out>
</testsuite> <!-- Assertions.VerifyHomePage -->
