<?xml version="1.0" encoding="UTF-8"?>
<!-- Generated by org.testng.reporters.JUnitReportReporter -->
<testsuite hostname="DESKTOP-4LCDHH9" failures="0" tests="3" name="PractiseTestNG.CreateContactUsingDataProvider" time="0.013" errors="0" timestamp="2025-10-23T10:51:13 IST" skipped="0">
  <testcase classname="PractiseTestNG.CreateContactUsingDataProvider" name="createContact" time="0.001"/>
  <testcase classname="PractiseTestNG.CreateContactUsingDataProvider" name="createContact" time="0.011"/>
  <testcase classname="PractiseTestNG.CreateContactUsingDataProvider" name="createContact" time="0.001"/>
</testsuite> <!-- PractiseTestNG.CreateContactUsingDataProvider -->
