<?xml version="1.0" encoding="UTF-8"?>
<!-- Generated by org.testng.reporters.JUnitReportReporter -->
<testsuite hostname="DESKTOP-4LCDHH9" failures="0" tests="3" name="com.crm.OrgTest.CreateOrgTest" time="57.678" errors="0" timestamp="2025-10-25T18:04:09 IST" skipped="0">
  <testcase classname="com.crm.OrgTest.CreateOrgTest" name="CreateOrgTest" time="40.746"/>
  <testcase classname="com.crm.OrgTest.CreateOrgTest" name="CreateOrgWithPhoneNumber" time="9.234"/>
  <testcase classname="com.crm.OrgTest.CreateOrgTest" name="CreateOrgWithIndustriesTest" time="7.698"/>
</testsuite> <!-- com.crm.OrgTest.CreateOrgTest -->
