<?xml version="1.0" encoding="UTF-8"?>
<!-- Generated by org.testng.reporters.JUnitReportReporter -->
<testsuite hostname="DESKTOP-4LCDHH9" failures="0" tests="3" name="PractiseTestNG.Test1" time="0.008" errors="0" timestamp="2025-10-27T12:23:11 IST" skipped="0">
  <testcase classname="PractiseTestNG.Test1" name="sss" time="0.001"/>
  <testcase classname="PractiseTestNG.Test1" name="sss" time="0.001"/>
  <testcase classname="PractiseTestNG.Test1" name="sss" time="0.006"/>
</testsuite> <!-- PractiseTestNG.Test1 -->
