<?xml version="1.0" encoding="UTF-8"?>
<!-- Generated by org.testng.reporters.JUnitReportReporter -->
<testsuite hostname="DESKTOP-4LCDHH9" failures="0" tests="3" name="com.crm.CampaignTest.CreateCampaign" time="19.700" errors="0" timestamp="2025-11-18T10:31:14 IST" skipped="0">
  <testcase classname="com.crm.CampaignTest.CreateCampaign" name="CreateCampaign" time="6.426">
    <system-out>
      <![CDATA[========CreateCampaign====START=====
========CreateCampaign=====END======]]>
    </system-out>
  </testcase> <!-- CreateCampaign -->
  <testcase classname="com.crm.CampaignTest.CreateCampaign" name="CreateCampaignWithExpectedCloseDate" time="6.417">
    <system-out>
      <![CDATA[========CreateCampaignWithExpectedCloseDate====START=====
========CreateCampaignWithExpectedCloseDate=====END======]]>
    </system-out>
  </testcase> <!-- CreateCampaignWithExpectedCloseDate -->
  <testcase classname="com.crm.CampaignTest.CreateCampaign" name="CampaignWithTypeAndStatus" time="6.857">
    <system-out>
      <![CDATA[========CampaignWithTypeAndStatus====START=====
========CampaignWithTypeAndStatus=====END======]]>
    </system-out>
  </testcase> <!-- CampaignWithTypeAndStatus -->
  <system-out>
    <![CDATA[Report Configuration
========CampaignWithTypeAndStatus====START=====
========CampaignWithTypeAndStatus=====END======
========CreateCampaign====START=====
========CreateCampaign=====END======
========CreateCampaignWithExpectedCloseDate====START=====
========CreateCampaignWithExpectedCloseDate=====END======]]>
  </system-out>
</testsuite> <!-- com.crm.CampaignTest.CreateCampaign -->
