<?xml version="1.0" encoding="UTF-8"?>
<!-- Generated by org.testng.reporters.JUnitReportReporter -->
<testsuite hostname="DESKTOP-4LCDHH9" failures="0" tests="2" name="ConfigurationAnnotationsTestNG.createOrganization" time="0.004" errors="0" timestamp="2025-10-23T15:50:44 IST" skipped="0">
  <testcase classname="ConfigurationAnnotationsTestNG.createOrganization" name="createOrgWithIndustry" time="0.003"/>
  <testcase classname="ConfigurationAnnotationsTestNG.createOrganization" name="createOrg" time="0.001"/>
</testsuite> <!-- ConfigurationAnnotationsTestNG.createOrganization -->
