<?xml version="1.0" encoding="UTF-8"?>
<!-- Generated by org.testng.reporters.JUnitReportReporter -->
<testsuite hostname="DESKTOP-4LCDHH9" failures="0" tests="4" name="PractiseTestNG.ContactTestTestNG" time="0.009" errors="0" timestamp="2025-10-21T15:42:39 IST" skipped="1">
  <testcase classname="PractiseTestNG.ContactTestTestNG" name="createContactTest" time="0.002"/>
  <testcase classname="PractiseTestNG.ContactTestTestNG" name="createContactTest" time="0.006"/>
  <testcase classname="PractiseTestNG.ContactTestTestNG" name="createContactTest" time="0.001"/>
  <testcase classname="PractiseTestNG.ContactTestTestNG" name="modifyContactTest">
    <skipped/>
  </testcase> <!-- modifyContactTest -->
</testsuite> <!-- PractiseTestNG.ContactTestTestNG -->
