<?xml version="1.0" encoding="UTF-8"?>
<!-- Generated by org.testng.reporters.JUnitReportReporter -->
<testsuite hostname="DESKTOP-4LCDHH9" failures="0" tests="2" name="ConfigurationAnnotationsTestNG.createContact" time="0.007" errors="0" timestamp="2025-10-23T15:50:44 IST" skipped="0">
  <testcase classname="ConfigurationAnnotationsTestNG.createContact" name="createContactwithDate" time="0.001"/>
  <testcase classname="ConfigurationAnnotationsTestNG.createContact" name="createContact" time="0.006"/>
</testsuite> <!-- ConfigurationAnnotationsTestNG.createContact -->
