<?xml version="1.0" encoding="UTF-8"?>
<!-- Generated by org.testng.reporters.JUnitReportReporter -->
<testsuite hostname="DESKTOP-4LCDHH9" failures="0" tests="1" name="com.crm.ContactTest.CreateContactWithOrgTest" time="22.674" errors="0" timestamp="2025-11-17T17:32:04 IST" skipped="0">
  <testcase classname="com.crm.ContactTest.CreateContactWithOrgTest" name="CreateConatcWithOrg" time="22.674">
    <system-out>
      <![CDATA[========CreateConatcWithOrg====START=====
========CreateConatcWithOrg=====END======]]>
    </system-out>
  </testcase> <!-- CreateConatcWithOrg -->
  <system-out>
    <![CDATA[Report Configuration
========CreateConatcWithOrg====START=====
========CreateConatcWithOrg=====END======]]>
  </system-out>
</testsuite> <!-- com.crm.ContactTest.CreateContactWithOrgTest -->
