<?xml version="1.0" encoding="UTF-8"?>
<!-- Generated by org.testng.reporters.JUnitXMLReporter -->
<testsuite ignored="1" hostname="DESKTOP-4LCDHH9" failures="0" tests="2" name="Test" time="15.342" errors="0" timestamp="2025-11-19T10:00:50 IST">
  <testcase classname="com.crm.CampaignTest.CreateCampaignTest" name="CampaignWithTypeAndStatus" time="5.997"/>
  <testcase classname="com.crm.CampaignTest.CreateCampaignTest" name="CreateCampaignWithExpectedCloseDate" time="4.329"/>
  <testcase classname="com.crm.CampaignTest.CreateCampaignTest" name="CreateCampaign" time="0.0">
    <ignored/>
  </testcase> <!-- CreateCampaign -->
</testsuite> <!-- Test -->
