<?xml version="1.0" encoding="UTF-8"?>
<!-- Generated by org.testng.reporters.JUnitXMLReporter -->
<testsuite ignored="2" hostname="DESKTOP-4LCDHH9" failures="0" tests="1" name="Test" time="8.59" errors="0" timestamp="2025-11-19T15:49:54 IST">
  <testcase classname="com.crm.ContactTest.CreateContactTest" name="CreateContactTest" time="4.466"/>
  <testcase classname="com.crm.ContactTest.CreateContactTest" name="CreateContactWithOrgTest" time="0.0">
    <ignored/>
  </testcase> <!-- CreateContactWithOrgTest -->
  <testcase classname="com.crm.ContactTest.CreateContactTest" name="CreateContactWithSupportDateTest" time="0.0">
    <ignored/>
  </testcase> <!-- CreateContactWithSupportDateTest -->
</testsuite> <!-- Test -->
