<?xml version="1.0" encoding="UTF-8"?>
<!-- Generated by org.testng.reporters.JUnitXMLReporter -->
<testsuite ignored="4" hostname="DESKTOP-4LCDHH9" failures="0" tests="4" name="Test" time="40.792" errors="0" timestamp="2025-10-28T12:05:50 IST">
  <testcase classname="com.crm.CampaignTest.CreateCampaign" name="CampaignWithTypeAndStatus" time="5.054"/>
  <testcase classname="com.crm.CampaignTest.CreateCampaign" name="CreateCampaignWithExpectedCloseDate" time="4.932"/>
  <testcase classname="com.crm.ContactTest.CreateContactTest" name="CreateContactWithOrgTest" time="16.626"/>
  <testcase classname="com.crm.ContactTest.CreateContactTest" name="CreateContactWithSupportDateTest" time="4.208"/>
  <testcase classname="com.crm.generic.baseUtility.BaseClassTest" name="@BeforeSuite beforeSuite" time="0.0">
    <ignored/>
  </testcase> <!-- @BeforeSuite beforeSuite -->
  <testcase classname="com.crm.ContactTest.CreateContactTest" name="CreateContactTest" time="0.0">
    <ignored/>
  </testcase> <!-- CreateContactTest -->
  <testcase classname="com.crm.CampaignTest.CreateCampaign" name="CreateCampaign" time="0.0">
    <ignored/>
  </testcase> <!-- CreateCampaign -->
  <testcase classname="com.crm.generic.baseUtility.BaseClassTest" name="@AfterSuite afterSuite" time="0.0">
    <ignored/>
  </testcase> <!-- @AfterSuite afterSuite -->
</testsuite> <!-- Test -->
