<?xml version="1.0" encoding="UTF-8"?>
<!-- Generated by org.testng.reporters.JUnitXMLReporter -->
<testsuite ignored="0" hostname="DESKTOP-4LCDHH9" failures="0" tests="3" name="Test-1" time="21.991" errors="0" timestamp="2025-11-01T13:44:04 IST">
  <testcase classname="com.crm.CampaignTest.CreateCampaign" name="CampaignWithTypeAndStatus" time="4.254"/>
  <testcase classname="com.crm.CampaignTest.CreateCampaign" name="CreateCampaign" time="4.229"/>
  <testcase classname="com.crm.CampaignTest.CreateCampaign" name="CreateCampaignWithExpectedCloseDate" time="4.206"/>
</testsuite> <!-- Test-1 -->
