<?xml version="1.0" encoding="UTF-8"?>
<!-- Generated by org.testng.reporters.JUnitReportReporter -->
<testsuite hostname="DESKTOP-SA8E0U8" failures="0" tests="5" name="TestNG.Pro1" time="0.075" errors="0" timestamp="2025-09-04T14:54:00 IST" skipped="0">
  <testcase classname="TestNG.Pro1" name="flipkart" time="0.012">
    <system-out>
      <![CDATA[this is first flipkart as testng]]>
    </system-out>
  </testcase> <!-- flipkart -->
  <testcase classname="TestNG.Pro1" name="amazon" time="0.037">
    <system-out>
      <![CDATA[this is first amazon as testng]]>
    </system-out>
  </testcase> <!-- amazon -->
  <testcase classname="TestNG.Pro1" name="blinkit" time="0.004">
    <system-out>
      <![CDATA[this is first blinkit as testng]]>
    </system-out>
  </testcase> <!-- blinkit -->
  <testcase classname="TestNG.Pro1" name="meesho" time="0.017">
    <system-out>
      <![CDATA[this is first meesho as testng]]>
    </system-out>
  </testcase> <!-- meesho -->
  <testcase classname="TestNG.Pro1" name="amazon1" time="0.005">
    <system-out>
      <![CDATA[this is first amazon1 as testng]]>
    </system-out>
  </testcase> <!-- amazon1 -->
  <system-out>
    <![CDATA[this is first amazon as testng
this is first amazon1 as testng
this is first blinkit as testng
this is first flipkart as testng
this is first meesho as testng]]>
  </system-out>
</testsuite> <!-- TestNG.Pro1 -->
