<?xml version="1.0" encoding="UTF-8"?>
<!-- Generated by org.testng.reporters.JUnitReportReporter -->
<testsuite hostname="DESKTOP-SA8E0U8" failures="0" tests="5" name="TestNG.Pro2" time="0.058" errors="0" timestamp="2025-09-04T15:31:51 IST" skipped="0">
  <testcase classname="TestNG.Pro2" name="createcamp" time="0.039">
    <system-out>
      <![CDATA[creating]]>
    </system-out>
  </testcase> <!-- createcamp -->
  <testcase classname="TestNG.Pro2" name="updatecamp" time="0.005">
    <system-out>
      <![CDATA[updating]]>
    </system-out>
  </testcase> <!-- updatecamp -->
  <testcase classname="TestNG.Pro2" name="deletecamp" time="0.006">
    <system-out>
      <![CDATA[deleting]]>
    </system-out>
  </testcase> <!-- deletecamp -->
  <testcase classname="TestNG.Pro2" name="invocationcount" time="0.006">
    <system-out>
      <![CDATA[invocation count program]]>
    </system-out>
  </testcase> <!-- invocationcount -->
  <testcase classname="TestNG.Pro2" name="invocationcount" time="0.002">
    <system-out>
      <![CDATA[invocation count program]]>
    </system-out>
  </testcase> <!-- invocationcount -->
  <system-out>
    <![CDATA[creating
updating
deleting
invocation count program
invocation count program]]>
  </system-out>
</testsuite> <!-- TestNG.Pro2 -->
