<?xml version="1.0" encoding="UTF-8"?>
<!-- Generated by org.testng.reporters.JUnitReportReporter -->
<testsuite hostname="DESKTOP-4LCDHH9" failures="0" tests="5" name="TestNG.Enabled" time="0.011" errors="0" timestamp="2025-09-12T10:54:08 IST" skipped="2">
  <testcase classname="TestNG.Enabled" name="meesho" time="0.002">
    <system-out>
      <![CDATA[this is first meesho as testng]]>
    </system-out>
  </testcase> <!-- meesho -->
  <testcase classname="TestNG.Enabled" name="blinkit" time="0.008">
    <system-out>
      <![CDATA[this is first blinkit as testng]]>
    </system-out>
  </testcase> <!-- blinkit -->
  <testcase classname="TestNG.Enabled" name="flipkart" time="0.001">
    <system-out>
      <![CDATA[this is first flipkart as testng]]>
    </system-out>
  </testcase> <!-- flipkart -->
  <testcase classname="TestNG.Enabled" name="amazon1">
    <skipped/>
  </testcase> <!-- amazon1 -->
  <testcase classname="TestNG.Enabled" name="amazon">
    <skipped/>
  </testcase> <!-- amazon -->
  <system-out>
    <![CDATA[this is first blinkit as testng
this is first flipkart as testng
this is first meesho as testng]]>
  </system-out>
</testsuite> <!-- TestNG.Enabled -->
