<?xml version="1.0" encoding="UTF-8"?>
<!-- Generated by org.testng.reporters.JUnitReportReporter -->
<testsuite hostname="DESKTOP-SA8E0U8" failures="0" tests="4" name="TestNG.InvocationCount" time="46.502" errors="0" timestamp="2025-09-04T15:44:35 IST" skipped="0">
  <testcase classname="TestNG.InvocationCount" name="sample" time="9.795">
    <system-out>
      <![CDATA[done]]>
    </system-out>
  </testcase> <!-- sample -->
  <testcase classname="TestNG.InvocationCount" name="sample" time="12.122">
    <system-out>
      <![CDATA[done]]>
    </system-out>
  </testcase> <!-- sample -->
  <testcase classname="TestNG.InvocationCount" name="sample" time="12.543">
    <system-out>
      <![CDATA[done]]>
    </system-out>
  </testcase> <!-- sample -->
  <testcase classname="TestNG.InvocationCount" name="sample" time="12.042">
    <system-out>
      <![CDATA[done]]>
    </system-out>
  </testcase> <!-- sample -->
  <system-out>
    <![CDATA[done
done
done
done]]>
  </system-out>
</testsuite> <!-- TestNG.InvocationCount -->
