<?xml version="1.0" encoding="UTF-8"?>
<!-- Generated by org.testng.reporters.JUnitXMLReporter -->
<testsuite ignored="2" hostname="DESKTOP-4LCDHH9" failures="0" tests="6" name="TestRunner-Chrome" time="66.243" errors="0" timestamp="2025-10-28T15:58:04 IST">
  <testcase classname="com.crm.CampaignTest.CreateCampaign" name="CampaignWithTypeAndStatus" time="4.468"/>
  <testcase classname="com.crm.CampaignTest.CreateCampaign" name="CreateCampaign" time="4.674"/>
  <testcase classname="com.crm.CampaignTest.CreateCampaign" name="CreateCampaignWithExpectedCloseDate" time="4.415"/>
  <testcase classname="com.crm.ContactTest.CreateContactTest" name="CreateContactTest" time="4.909"/>
  <testcase classname="com.crm.ContactTest.CreateContactTest" name="CreateContactWithOrgTest" time="16.893"/>
  <testcase classname="com.crm.ContactTest.CreateContactTest" name="CreateContactWithSupportDateTest" time="4.488"/>
  <testcase classname="com.crm.generic.baseUtility.BaseClassTest" name="@AfterSuite afterSuite" time="0.0">
    <ignored/>
  </testcase> <!-- @AfterSuite afterSuite -->
  <testcase classname="com.crm.generic.baseUtility.BaseClassTest" name="@BeforeSuite beforeSuite" time="0.0">
    <ignored/>
  </testcase> <!-- @BeforeSuite beforeSuite -->
</testsuite> <!-- TestRunner-Chrome -->
