<?xml version="1.0" encoding="UTF-8"?>
<!-- Generated by org.testng.reporters.JUnitXMLReporter -->
<testsuite ignored="2" hostname="DESKTOP-4LCDHH9" failures="1" tests="24" name="Test" time="14.263" errors="0" timestamp="2025-09-11T18:24:44 IST">
  <testcase classname="TestNG.TestNG4" name="Chat" time="0.007"/>
  <testcase classname="TestNG.TestNG4" name="Contact" time="0.001"/>
  <testcase classname="TestNG.TestNG5" name="Contacts" time="0.002"/>
  <testcase classname="TestNG.TestNG5" name="CAlls" time="0.001"/>
  <testcase classname="TestNG.TestNG2" name="CreateMethod" time="0.001"/>
  <testcase classname="TestNG.TestNG3" name="EditMethod" time="0.002"/>
  <testcase classname="TestNG.LoginToFB" name="LoginFB" time="14.109">
    <failure type="org.openqa.selenium.NoSuchWindowException" message="no such window: target window already closed
from unknown error: web view not found
  (Session info: chrome=140.0.7339.81)
Build info: version: &amp;apos;4.25.0&amp;apos;, revision: &amp;apos;8a8aea2337&amp;apos;
System info: os.name: &amp;apos;Windows 11&amp;apos;, os.arch: &amp;apos;amd64&amp;apos;, os.version: &amp;apos;10.0&amp;apos;, java.version: &amp;apos;21.0.8&amp;apos;
Driver info: org.openqa.selenium.chrome.ChromeDriver
Command: [e6475bf7e86f86260e7bc730d2d62ad7, maximizeCurrentWindow {}]
Capabilities {acceptInsecureCerts: false, browserName: chrome, browserVersion: 140.0.7339.81, chrome: {chromedriverVersion: 140.0.7339.82 (bc93617e21c3..., userDataDir: C:\Users\DELL\AppData\Local...}, fedcm:accounts: true, goog:chromeOptions: {debuggerAddress: localhost:54448}, networkConnectionEnabled: false, pageLoadStrategy: normal, platformName: windows, proxy: Proxy(), se:cdp: ws://localhost:54448/devtoo..., se:cdpVersion: 140.0.7339.81, setWindowRect: true, strictFileInteractability: false, timeouts: {implicit: 0, pageLoad: 300000, script: 30000}, unhandledPromptBehavior: dismiss and notify, webauthn:extension:credBlob: true, webauthn:extension:largeBlob: true, webauthn:extension:minPinLength: true, webauthn:extension:prf: true, webauthn:virtualAuthenticators: true}
Session ID: e6475bf7e86f86260e7bc730d2d62ad7">
      <![CDATA[org.openqa.selenium.NoSuchWindowException: no such window: target window already closed
from unknown error: web view not found
  (Session info: chrome=140.0.7339.81)
Build info: version: '4.25.0', revision: '8a8aea2337'
System info: os.name: 'Windows 11', os.arch: 'amd64', os.version: '10.0', java.version: '21.0.8'
Driver info: org.openqa.selenium.chrome.ChromeDriver
Command: [e6475bf7e86f86260e7bc730d2d62ad7, maximizeCurrentWindow {}]
Capabilities {acceptInsecureCerts: false, browserName: chrome, browserVersion: 140.0.7339.81, chrome: {chromedriverVersion: 140.0.7339.82 (bc93617e21c3..., userDataDir: C:\Users\DELL\AppData\Local...}, fedcm:accounts: true, goog:chromeOptions: {debuggerAddress: localhost:54448}, networkConnectionEnabled: false, pageLoadStrategy: normal, platformName: windows, proxy: Proxy(), se:cdp: ws://localhost:54448/devtoo..., se:cdpVersion: 140.0.7339.81, setWindowRect: true, strictFileInteractability: false, timeouts: {implicit: 0, pageLoad: 300000, script: 30000}, unhandledPromptBehavior: dismiss and notify, webauthn:extension:credBlob: true, webauthn:extension:largeBlob: true, webauthn:extension:minPinLength: true, webauthn:extension:prf: true, webauthn:virtualAuthenticators: true}
Session ID: e6475bf7e86f86260e7bc730d2d62ad7
at org.openqa.selenium.remote.ErrorCodec.decode(ErrorCodec.java:167)
at org.openqa.selenium.remote.codec.w3c.W3CHttpResponseCodec.decode(W3CHttpResponseCodec.java:138)
at org.openqa.selenium.remote.codec.w3c.W3CHttpResponseCodec.decode(W3CHttpResponseCodec.java:50)
at org.openqa.selenium.remote.HttpCommandExecutor.execute(HttpCommandExecutor.java:190)
at org.openqa.selenium.remote.service.DriverCommandExecutor.invokeExecute(DriverCommandExecutor.java:216)
at org.openqa.selenium.remote.service.DriverCommandExecutor.execute(DriverCommandExecutor.java:174)
at org.openqa.selenium.remote.RemoteWebDriver.execute(RemoteWebDriver.java:545)
at org.openqa.selenium.remote.RemoteWebDriver.execute(RemoteWebDriver.java:618)
at org.openqa.selenium.remote.RemoteWebDriver.execute(RemoteWebDriver.java:622)
at org.openqa.selenium.remote.RemoteWebDriver$RemoteWebDriverOptions$RemoteWindow.maximize(RemoteWebDriver.java:1061)
at TestNG.LoginToFB.LoginFB(LoginToFB.java:15)
at java.base/java.util.ArrayList.forEach(ArrayList.java:1596)
... Removed 28 stack frames]]>
    </failure>
  </testcase> <!-- LoginFB -->
  <testcase classname="TestNG.Annotations" name="Loginusr" time="0.002"/>
  <testcase classname="TestNG.TestNG5" name="Sales1" time="0.002"/>
  <testcase classname="TestNG.TestNG5" name="Sales3" time="0.001"/>
  <testcase classname="TestNG.BaseClassDriver" name="Signup" time="0.003"/>
  <testcase classname="TestNG.TestNG6" name="T1" time="0.002"/>
  <testcase classname="TestNG.TestNG6" name="T2" time="0.002"/>
  <testcase classname="TestNG.TestNG6" name="T3" time="0.001"/>
  <testcase classname="TestNG.TestNG6" name="T4" time="0.002"/>
  <testcase classname="TestNG.TestNG6" name="T5" time="0.001"/>
  <testcase classname="TestNG.TestNG6" name="Single" time="0.002"/>
  <testcase classname="TestNG.TestNG1" name="test" time="0.002"/>
  <testcase classname="TestNG.Annotations" name="Edituser" time="0.003"/>
  <testcase classname="TestNG.TestNG3" name="ModifyMethod" time="0.001"/>
  <testcase classname="TestNG.TestNG3" name="ModifyMethod" time="0.002"/>
  <testcase classname="TestNG.TestNG3" name="ModifyMethod" time="0.001"/>
  <testcase classname="TestNG.TestNG3" name="CreateMethod" time="0.002"/>
  <testcase classname="TestNG.Annotations" name="Deleteuser" time="0.001"/>
  <testcase classname="TestNG.TestNG5" name="Sales2" time="0.0">
    <ignored/>
  </testcase> <!-- Sales2 -->
  <testcase classname="TestNG.TestNG3" name="Create1Method" time="0.0">
    <ignored/>
  </testcase> <!-- Create1Method -->
</testsuite> <!-- Test -->
