<?xml version="1.0" encoding="UTF-8"?>
<!-- Generated by org.testng.reporters.JUnitXMLReporter -->
<testsuite ignored="2" hostname="DESKTOP-4LCDHH9" failures="0" tests="4" name="Test" time="0.049" errors="0" timestamp="2025-10-23T15:50:44 IST">
  <testcase classname="ConfigurationAnnotationsTestNG.createContact" name="createContact" time="0.005"/>
  <testcase classname="ConfigurationAnnotationsTestNG.createContact" name="createContactwithDate" time="0.001"/>
  <testcase classname="ConfigurationAnnotationsTestNG.createOrganization" name="createOrg" time="0.001"/>
  <testcase classname="ConfigurationAnnotationsTestNG.createOrganization" name="createOrgWithIndustry" time="0.001"/>
  <testcase classname="com.crm.generic.baseUtility.BaseClassTest" name="@AfterSuite afterSuite" time="0.0">
    <ignored/>
  </testcase> <!-- @AfterSuite afterSuite -->
  <testcase classname="com.crm.generic.baseUtility.BaseClassTest" name="@BeforeSuite beforeSuite" time="0.0">
    <ignored/>
  </testcase> <!-- @BeforeSuite beforeSuite -->
</testsuite> <!-- Test -->
