<?xml version="1.0" encoding="UTF-8"?>
<!-- Generated by org.testng.reporters.JUnitReportReporter -->
<testsuite hostname="DESKTOP-4LCDHH9" failures="0" tests="3" name="TestNG.Annotations" time="0.014" errors="0" timestamp="2025-09-11T18:24:44 IST" skipped="0">
  <testcase classname="TestNG.Annotations" name="Loginusr" time="0.003"/>
  <testcase classname="TestNG.Annotations" name="Edituser" time="0.010"/>
  <testcase classname="TestNG.Annotations" name="Deleteuser" time="0.001"/>
  <system-out>
    <![CDATA[Depsnds on contacts
Depsnds on contacts for calls
Create MEthod
EditMEthod
sales are 191
sales3 are 193
Test1
Test2
Test3
Test4
Test5
Single
helo
ModifyMEthod
ModifyMEthod
ModifyMEthod
Create MEthod]]>
  </system-out>
</testsuite> <!-- TestNG.Annotations -->
