<?xml version="1.0" encoding="UTF-8"?>
<!-- Generated by org.testng.reporters.JUnitReportReporter -->
<testsuite hostname="DESKTOP-4LCDHH9" failures="0" tests="1" name="TestNG.BaseClassDriver" time="0.003" errors="0" timestamp="2025-09-11T18:24:44 IST" skipped="0">
  <testcase classname="TestNG.BaseClassDriver" name="Signup" time="0.003"/>
  <system-out>
    <![CDATA[Depsnds on contacts
Depsnds on contacts for calls
Create MEthod
EditMEthod
sales are 191
sales3 are 193
Test1
Test2
Test3
Test4
Test5
Single
helo
ModifyMEthod
ModifyMEthod
ModifyMEthod
Create MEthod]]>
  </system-out>
</testsuite> <!-- TestNG.BaseClassDriver -->
