<?xml version="1.0" encoding="UTF-8"?>
<!-- Generated by org.testng.reporters.JUnitReportReporter -->
<testsuite hostname="DESKTOP-4LCDHH9" failures="0" tests="6" name="TestNG.TestNG6" time="0.010" errors="0" timestamp="2025-09-11T18:24:44 IST" skipped="0">
  <testcase classname="TestNG.TestNG6" name="T4" time="0.002">
    <system-out>
      <![CDATA[Test4]]>
    </system-out>
  </testcase> <!-- T4 -->
  <testcase classname="TestNG.TestNG6" name="T3" time="0.001">
    <system-out>
      <![CDATA[Test3]]>
    </system-out>
  </testcase> <!-- T3 -->
  <testcase classname="TestNG.TestNG6" name="T2" time="0.002">
    <system-out>
      <![CDATA[Test2]]>
    </system-out>
  </testcase> <!-- T2 -->
  <testcase classname="TestNG.TestNG6" name="Single" time="0.002">
    <system-out>
      <![CDATA[Single]]>
    </system-out>
  </testcase> <!-- Single -->
  <testcase classname="TestNG.TestNG6" name="T1" time="0.002">
    <system-out>
      <![CDATA[Test1]]>
    </system-out>
  </testcase> <!-- T1 -->
  <testcase classname="TestNG.TestNG6" name="T5" time="0.001">
    <system-out>
      <![CDATA[Test5]]>
    </system-out>
  </testcase> <!-- T5 -->
  <system-out>
    <![CDATA[Depsnds on contacts
Depsnds on contacts for calls
Create MEthod
EditMEthod
sales are 191
sales3 are 193
Test1
Test2
Test3
Test4
Test5
Single
helo
ModifyMEthod
ModifyMEthod
ModifyMEthod
Create MEthod]]>
  </system-out>
</testsuite> <!-- TestNG.TestNG6 -->
