<?xml version="1.0" encoding="UTF-8"?>
<!-- Generated by org.testng.reporters.JUnitReportReporter -->
<testsuite hostname="DESKTOP-4LCDHH9" failures="0" tests="6" name="TestNG.TestNG3" time="0.008" errors="0" timestamp="2025-09-11T18:24:44 IST" skipped="1">
  <testcase classname="TestNG.TestNG3" name="EditMethod" time="0.002">
    <system-out>
      <![CDATA[EditMEthod]]>
    </system-out>
  </testcase> <!-- EditMethod -->
  <testcase classname="TestNG.TestNG3" name="ModifyMethod" time="0.002">
    <system-out>
      <![CDATA[ModifyMEthod]]>
    </system-out>
  </testcase> <!-- ModifyMethod -->
  <testcase classname="TestNG.TestNG3" name="ModifyMethod" time="0.001">
    <system-out>
      <![CDATA[ModifyMEthod]]>
    </system-out>
  </testcase> <!-- ModifyMethod -->
  <testcase classname="TestNG.TestNG3" name="ModifyMethod" time="0.001">
    <system-out>
      <![CDATA[ModifyMEthod]]>
    </system-out>
  </testcase> <!-- ModifyMethod -->
  <testcase classname="TestNG.TestNG3" name="CreateMethod" time="0.002">
    <system-out>
      <![CDATA[Create MEthod]]>
    </system-out>
  </testcase> <!-- CreateMethod -->
  <testcase classname="TestNG.TestNG3" name="Create1Method">
    <skipped/>
  </testcase> <!-- Create1Method -->
  <system-out>
    <![CDATA[Depsnds on contacts
Depsnds on contacts for calls
Create MEthod
EditMEthod
sales are 191
sales3 are 193
Test1
Test2
Test3
Test4
Test5
Single
helo
ModifyMEthod
ModifyMEthod
ModifyMEthod
Create MEthod]]>
  </system-out>
</testsuite> <!-- TestNG.TestNG3 -->
