<?xml version="1.0" encoding="UTF-8"?>
<!-- Generated by org.testng.reporters.JUnitReportReporter -->
<testsuite hostname="DESKTOP-4LCDHH9" failures="0" tests="5" name="TestNG.TestNG5" time="0.006" errors="0" timestamp="2025-09-11T18:24:44 IST" skipped="1">
  <testcase classname="TestNG.TestNG5" name="Contacts" time="0.002">
    <system-out>
      <![CDATA[Depsnds on contacts]]>
    </system-out>
  </testcase> <!-- Contacts -->
  <testcase classname="TestNG.TestNG5" name="Sales1" time="0.002">
    <system-out>
      <![CDATA[sales are 191]]>
    </system-out>
  </testcase> <!-- Sales1 -->
  <testcase classname="TestNG.TestNG5" name="CAlls" time="0.001">
    <system-out>
      <![CDATA[Depsnds on contacts for calls]]>
    </system-out>
  </testcase> <!-- CAlls -->
  <testcase classname="TestNG.TestNG5" name="Sales3" time="0.001">
    <system-out>
      <![CDATA[sales3 are 193]]>
    </system-out>
  </testcase> <!-- Sales3 -->
  <testcase classname="TestNG.TestNG5" name="Sales2">
    <skipped/>
  </testcase> <!-- Sales2 -->
  <system-out>
    <![CDATA[Depsnds on contacts
Depsnds on contacts for calls
Create MEthod
EditMEthod
sales are 191
sales3 are 193
Test1
Test2
Test3
Test4
Test5
Single
helo
ModifyMEthod
ModifyMEthod
ModifyMEthod
Create MEthod]]>
  </system-out>
</testsuite> <!-- TestNG.TestNG5 -->
