<?xml version="1.0" encoding="UTF-8"?>
<!-- Generated by org.testng.reporters.JUnitXMLReporter -->
<testsuite ignored="0" hostname="DESKTOP-4LCDHH9" failures="0" tests="3" name="Default test" time="21.778" errors="0" timestamp="2025-11-19T15:48:06 IST">
  <testcase classname="com.crm.CampaignTest.CreateCampaignTest" name="CampaignWithTypeAndStatus" time="4.528"/>
  <testcase classname="com.crm.CampaignTest.CreateCampaignTest" name="CreateCampaign" time="4.153"/>
  <testcase classname="com.crm.CampaignTest.CreateCampaignTest" name="CreateCampaignWithExpectedCloseDate" time="4.898"/>
</testsuite> <!-- Default test -->
