<?xml version="1.0" encoding="UTF-8"?>
<testng-results ignored="2" total="5" passed="3" failed="0" skipped="0">
  <reporter-output>
    <line>
      <![CDATA[this is first blinkit as testng]]>
    </line>
    <line>
      <![CDATA[this is first flipkart as testng]]>
    </line>
    <line>
      <![CDATA[this is first meesho as testng]]>
    </line>
  </reporter-output>
  <suite started-at="2025-09-12T10:54:08 IST" name="Default suite" finished-at="2025-09-12T10:54:08 IST" duration-ms="45">
    <groups>
    </groups>
    <test started-at="2025-09-12T10:54:08 IST" name="Default test" finished-at="2025-09-12T10:54:08 IST" duration-ms="45">
      <class name="TestNG.Enabled">
        <test-method signature="blinkit()[pri:0, instance:TestNG.Enabled@6989da5e]" started-at="2025-09-12T10:54:08 IST" name="blinkit" finished-at="2025-09-12T10:54:08 IST" duration-ms="8" status="PASS">
          <reporter-output>
            <line>
              <![CDATA[this is first blinkit as testng]]>
            </line>
          </reporter-output>
        </test-method> <!-- blinkit -->
        <test-method signature="flipkart()[pri:0, instance:TestNG.Enabled@6989da5e]" started-at="2025-09-12T10:54:08 IST" name="flipkart" finished-at="2025-09-12T10:54:08 IST" duration-ms="1" status="PASS">
          <reporter-output>
            <line>
              <![CDATA[this is first flipkart as testng]]>
            </line>
          </reporter-output>
        </test-method> <!-- flipkart -->
        <test-method signature="meesho()[pri:0, instance:TestNG.Enabled@6989da5e]" started-at="2025-09-12T10:54:08 IST" name="meesho" finished-at="2025-09-12T10:54:08 IST" duration-ms="2" status="PASS">
          <reporter-output>
            <line>
              <![CDATA[this is first meesho as testng]]>
            </line>
          </reporter-output>
        </test-method> <!-- meesho -->
      </class> <!-- TestNG.Enabled -->
    </test> <!-- Default test -->
  </suite> <!-- Default suite -->
</testng-results>
