<?xml version="1.0" encoding="UTF-8"?>
<!-- Generated by org.testng.reporters.JUnitXMLReporter -->
<testsuite ignored="0" hostname="DESKTOP-4LCDHH9" failures="1" tests="1" name="Test" time="0.041" errors="0" timestamp="2025-10-23T10:49:47 IST">
  <testcase classname="PractiseTestNG.CreateContactUsingDataProvider" name="createContact" time="0.008">
    <failure type="org.testng.internal.reflect.MethodMatcherException" message="
[public void PractiseTestNG.CreateContactUsingDataProvider.createContact(java.lang.String,java.lang.String,long)] has no parameters defined but was found to be using a data provider (either explicitly specified or inherited from class level annotation).
Data provider mismatch
Method: createContact([java.lang.String arg0, java.lang.String arg1, long arg2])
Arguments: [(java.lang.String) Ravi,(java.lang.Long) 9379845335]">
      <![CDATA[org.testng.internal.reflect.MethodMatcherException: 
[public void PractiseTestNG.CreateContactUsingDataProvider.createContact(java.lang.String,java.lang.String,long)] has no parameters defined but was found to be using a data provider (either explicitly specified or inherited from class level annotation).
Data provider mismatch
Method: createContact([java.lang.String arg0, java.lang.String arg1, long arg2])
Arguments: [(java.lang.String) Ravi,(java.lang.Long) 9379845335]
at java.base/java.util.ArrayList.forEach(ArrayList.java:1596)
... Removed 22 stack frames]]>
    </failure>
  </testcase> <!-- createContact -->
</testsuite> <!-- Test -->
