<?xml version="1.0" encoding="UTF-8"?>
<!-- Generated by org.testng.reporters.JUnitXMLReporter -->
<testsuite ignored="2" hostname="DESKTOP-4LCDHH9" failures="0" tests="3" name="Default test" time="0.045" errors="0" timestamp="2025-09-12T10:54:08 IST">
  <testcase classname="TestNG.Enabled" name="blinkit" time="0.008"/>
  <testcase classname="TestNG.Enabled" name="flipkart" time="0.001"/>
  <testcase classname="TestNG.Enabled" name="meesho" time="0.002"/>
  <testcase classname="TestNG.Enabled" name="amazon1" time="0.0">
    <ignored/>
  </testcase> <!-- amazon1 -->
  <testcase classname="TestNG.Enabled" name="amazon" time="0.0">
    <ignored/>
  </testcase> <!-- amazon -->
</testsuite> <!-- Default test -->
