<?xml version="1.0" encoding="UTF-8"?>
<!-- Generated by org.testng.reporters.JUnitXMLReporter -->
<testsuite ignored="2" hostname="DESKTOP-4LCDHH9" failures="0" tests="1" name="Test" time="34.815" errors="0" timestamp="2025-11-19T10:00:35 IST">
  <testcase classname="com.crm.CampaignTest.CreateCampaign" name="CreateCampaign" time="26.499"/>
  <testcase classname="com.crm.CampaignTest.CreateCampaign" name="CampaignWithTypeAndStatus" time="0.0">
    <ignored/>
  </testcase> <!-- CampaignWithTypeAndStatus -->
  <testcase classname="com.crm.CampaignTest.CreateCampaign" name="CreateCampaignWithExpectedCloseDate" time="0.0">
    <ignored/>
  </testcase> <!-- CreateCampaignWithExpectedCloseDate -->
</testsuite> <!-- Test -->
