<?xml version="1.0" encoding="UTF-8"?>
<!-- Generated by org.testng.reporters.JUnitReportReporter -->
<testsuite hostname="DESKTOP-4LCDHH9" failures="0" tests="2" name="com.crm.CampaignTest.CreateCampaignTest" time="14.325" errors="0" timestamp="2025-11-19T10:00:51 IST" skipped="0">
  <testcase classname="com.crm.CampaignTest.CreateCampaignTest" name="CampaignWithTypeAndStatus" time="8.401">
    <system-out>
      <![CDATA[========CampaignWithTypeAndStatus====START=====
========CampaignWithTypeAndStatus=====END======]]>
    </system-out>
  </testcase> <!-- CampaignWithTypeAndStatus -->
  <testcase classname="com.crm.CampaignTest.CreateCampaignTest" name="CreateCampaignWithExpectedCloseDate" time="5.924">
    <system-out>
      <![CDATA[========CreateCampaignWithExpectedCloseDate====START=====
========CreateCampaignWithExpectedCloseDate=====END======]]>
    </system-out>
  </testcase> <!-- CreateCampaignWithExpectedCloseDate -->
  <system-out>
    <![CDATA[Report Configuration
========CreateCampaign====START=====
========CreateCampaign=====END======
Report Backup
Report Configuration
========CampaignWithTypeAndStatus====START=====
========CampaignWithTypeAndStatus=====END======
========CreateCampaignWithExpectedCloseDate====START=====
========CreateCampaignWithExpectedCloseDate=====END======]]>
  </system-out>
</testsuite> <!-- com.crm.CampaignTest.CreateCampaignTest -->
