<?xml version="1.0" encoding="UTF-8"?>
<!-- Generated by org.testng.reporters.JUnitReportReporter -->
<testsuite hostname="DESKTOP-4LCDHH9" failures="0" tests="3" name="com.crm.OrgTest.CreateOrgTest" time="26.587" errors="0" timestamp="2025-11-17T17:26:57 IST" skipped="0">
  <testcase classname="com.crm.OrgTest.CreateOrgTest" name="CreateOrgWithPhoneNumber" time="7.701">
    <system-out>
      <![CDATA[========CreateOrgWithPhoneNumber====START=====
========CreateOrgWithPhoneNumber=====END======]]>
    </system-out>
  </testcase> <!-- CreateOrgWithPhoneNumber -->
  <testcase classname="com.crm.OrgTest.CreateOrgTest" name="CreateOrgTest" time="12.721">
    <system-out>
      <![CDATA[========CreateOrgTest====START=====
========CreateOrgTest=====END======]]>
    </system-out>
  </testcase> <!-- CreateOrgTest -->
  <testcase classname="com.crm.OrgTest.CreateOrgTest" name="CreateOrgWithIndustriesTest" time="6.165">
    <system-out>
      <![CDATA[========CreateOrgWithIndustriesTest====START=====
========CreateOrgWithIndustriesTest=====END======]]>
    </system-out>
  </testcase> <!-- CreateOrgWithIndustriesTest -->
  <system-out>
    <![CDATA[Report Configuration
========CreateContactTest====START=====
========CreateContactTest=====END======
========CreateContactWithOrgTest====START=====
========CreateContactWithOrgTest=====END======
========CreateContactWithSupportDateTest====START=====
========CreateContactWithSupportDateTest=====END======
========CreateConatcWithOrg====START=====
========CreateOrgTest====START=====
========CreateOrgTest=====END======
========CreateOrgWithIndustriesTest====START=====
========CreateOrgWithIndustriesTest=====END======
========CreateOrgWithPhoneNumber====START=====
========CreateOrgWithPhoneNumber=====END======
========Aemo1test====START=====
========Aemo1test=====END======
========Demo1====START=====
========Demo1=====END======
========sss====START=====
========sss=====END======
========sss====START=====
========sss=====END======
========sss====START=====
========sss=====END======
========ddd====START=====
========ddd=====END======
========ddd====START=====
========ddd=====END======
========ddd====START=====
========ddd=====END======]]>
  </system-out>
</testsuite> <!-- com.crm.OrgTest.CreateOrgTest -->
