<?xml version="1.0" encoding="UTF-8"?>
<!-- Generated by org.testng.reporters.JUnitReportReporter -->
<testsuite hostname="DESKTOP-4LCDHH9" failures="0" tests="3" name="PractiseTestNG.Test1" time="0.003" errors="0" timestamp="2025-11-17T17:26:57 IST" skipped="0">
  <testcase classname="PractiseTestNG.Test1" name="sss" time="0.000">
    <system-out>
      <![CDATA[========sss====START=====
========sss=====END======]]>
    </system-out>
  </testcase> <!-- sss -->
  <testcase classname="PractiseTestNG.Test1" name="sss" time="0.000">
    <system-out>
      <![CDATA[========sss====START=====
========sss=====END======]]>
    </system-out>
  </testcase> <!-- sss -->
  <testcase classname="PractiseTestNG.Test1" name="sss" time="0.003">
    <system-out>
      <![CDATA[========sss====START=====
========sss=====END======]]>
    </system-out>
  </testcase> <!-- sss -->
  <system-out>
    <![CDATA[Report Configuration
========CreateContactTest====START=====
========CreateContactTest=====END======
========CreateContactWithOrgTest====START=====
========CreateContactWithOrgTest=====END======
========CreateContactWithSupportDateTest====START=====
========CreateContactWithSupportDateTest=====END======
========CreateConatcWithOrg====START=====
========CreateOrgTest====START=====
========CreateOrgTest=====END======
========CreateOrgWithIndustriesTest====START=====
========CreateOrgWithIndustriesTest=====END======
========CreateOrgWithPhoneNumber====START=====
========CreateOrgWithPhoneNumber=====END======
========Aemo1test====START=====
========Aemo1test=====END======
========Demo1====START=====
========Demo1=====END======
========sss====START=====
========sss=====END======
========sss====START=====
========sss=====END======
========sss====START=====
========sss=====END======
========ddd====START=====
========ddd=====END======
========ddd====START=====
========ddd=====END======
========ddd====START=====
========ddd=====END======]]>
  </system-out>
</testsuite> <!-- PractiseTestNG.Test1 -->
