<?xml version="1.0" encoding="UTF-8"?>
<!-- Generated by org.testng.reporters.JUnitReportReporter -->
<testsuite hostname="DESKTOP-4LCDHH9" failures="0" tests="1" name="com.crm.CampaignTest.CreateCampaign" time="28.576" errors="0" timestamp="2025-11-19T10:00:51 IST" skipped="0">
  <testcase classname="com.crm.CampaignTest.CreateCampaign" name="CreateCampaign" time="28.576">
    <system-out>
      <![CDATA[========CreateCampaign====START=====
========CreateCampaign=====END======]]>
    </system-out>
  </testcase> <!-- CreateCampaign -->
  <system-out>
    <![CDATA[Report Configuration
========CreateCampaign====START=====
========CreateCampaign=====END======
Report Backup
Report Configuration
========CampaignWithTypeAndStatus====START=====
========CampaignWithTypeAndStatus=====END======
========CreateCampaignWithExpectedCloseDate====START=====
========CreateCampaignWithExpectedCloseDate=====END======]]>
  </system-out>
</testsuite> <!-- com.crm.CampaignTest.CreateCampaign -->
