<?xml version="1.0" encoding="UTF-8"?>
<testng-results ignored="2" total="3" passed="1" failed="0" skipped="0">
  <reporter-output>
    <line>
      <![CDATA[Report Configuration]]>
    </line>
    <line>
      <![CDATA[========CreateContactTest====START=====]]>
    </line>
    <line>
      <![CDATA[========CreateContactTest=====END======]]>
    </line>
  </reporter-output>
  <suite started-at="2025-11-19T15:49:45 IST" name="SuiteSmoke" finished-at="2025-11-19T15:49:54 IST" duration-ms="8590">
    <groups>
      <group name="Smoke">
        <method signature="CreateContactTest.CreateContactTest()[pri:0, instance:com.crm.ContactTest.CreateContactTest@13b6aecc]" name="CreateContactTest" class="com.crm.ContactTest.CreateContactTest"/>
      </group> <!-- Smoke -->
    </groups>
    <test started-at="2025-11-19T15:49:45 IST" name="Test" finished-at="2025-11-19T15:49:54 IST" duration-ms="8590">
      <class name="com.crm.ContactTest.CreateContactTest">
        <test-method is-config="true" signature="beforeSuite()[pri:0, instance:com.crm.ContactTest.CreateContactTest@13b6aecc]" started-at="2025-11-19T15:49:45 IST" name="beforeSuite" finished-at="2025-11-19T15:49:45 IST" duration-ms="27" status="PASS">
          <reporter-output>
          </reporter-output>
        </test-method> <!-- beforeSuite -->
        <test-method is-config="true" signature="beforeClass()[pri:0, instance:com.crm.ContactTest.CreateContactTest@13b6aecc]" started-at="2025-11-19T15:49:45 IST" name="beforeClass" finished-at="2025-11-19T15:49:46 IST" duration-ms="1410" status="PASS">
          <reporter-output>
          </reporter-output>
        </test-method> <!-- beforeClass -->
        <test-method is-config="true" signature="beforeMethod()[pri:0, instance:com.crm.ContactTest.CreateContactTest@13b6aecc]" started-at="2025-11-19T15:49:46 IST" name="beforeMethod" finished-at="2025-11-19T15:49:48 IST" duration-ms="1941" status="PASS">
          <reporter-output>
          </reporter-output>
        </test-method> <!-- beforeMethod -->
        <test-method signature="CreateContactTest()[pri:0, instance:com.crm.ContactTest.CreateContactTest@13b6aecc]" started-at="2025-11-19T15:49:48 IST" name="CreateContactTest" finished-at="2025-11-19T15:49:53 IST" duration-ms="4466" status="PASS">
          <reporter-output>
            <line>
              <![CDATA[========CreateContactTest====START=====]]>
            </line>
            <line>
              <![CDATA[========CreateContactTest=====END======]]>
            </line>
          </reporter-output>
        </test-method> <!-- CreateContactTest -->
        <test-method is-config="true" signature="afterMethod()[pri:0, instance:com.crm.ContactTest.CreateContactTest@13b6aecc]" started-at="2025-11-19T15:49:53 IST" name="afterMethod" finished-at="2025-11-19T15:49:53 IST" duration-ms="589" status="PASS">
          <reporter-output>
          </reporter-output>
        </test-method> <!-- afterMethod -->
        <test-method is-config="true" signature="afterClass()[pri:0, instance:com.crm.ContactTest.CreateContactTest@13b6aecc]" started-at="2025-11-19T15:49:53 IST" name="afterClass" finished-at="2025-11-19T15:49:54 IST" duration-ms="158" status="PASS">
          <reporter-output>
          </reporter-output>
        </test-method> <!-- afterClass -->
        <test-method is-config="true" signature="afterSuite()[pri:0, instance:com.crm.ContactTest.CreateContactTest@13b6aecc]" started-at="2025-11-19T15:49:54 IST" name="afterSuite" finished-at="2025-11-19T15:49:54 IST" duration-ms="1" status="PASS">
          <reporter-output>
          </reporter-output>
        </test-method> <!-- afterSuite -->
      </class> <!-- com.crm.ContactTest.CreateContactTest -->
    </test> <!-- Test -->
  </suite> <!-- SuiteSmoke -->
</testng-results>
