<?xml version="1.0" encoding="UTF-8"?>
<!-- Generated by org.testng.reporters.JUnitXMLReporter -->
<testsuite ignored="6" hostname="DESKTOP-4LCDHH9" failures="0" tests="2" name="Test" time="19.452" errors="0" timestamp="2025-10-28T12:52:40 IST">
  <testcase classname="com.crm.CampaignTest.CreateCampaign" name="CreateCampaignWithExpectedCloseDate" time="6.066"/>
  <testcase classname="com.crm.ContactTest.CreateContactTest" name="CreateContactTest" time="4.697"/>
  <testcase classname="com.crm.CampaignTest.CreateCampaign" name="CreateCampaign" time="0.0">
    <ignored/>
  </testcase> <!-- CreateCampaign -->
  <testcase classname="com.crm.generic.baseUtility.BaseClassTest" name="@AfterSuite afterSuite" time="0.0">
    <ignored/>
  </testcase> <!-- @AfterSuite afterSuite -->
  <testcase classname="com.crm.ContactTest.CreateContactTest" name="CreateContactWithSupportDateTest" time="0.0">
    <ignored/>
  </testcase> <!-- CreateContactWithSupportDateTest -->
  <testcase classname="com.crm.CampaignTest.CreateCampaign" name="CampaignWithTypeAndStatus" time="0.0">
    <ignored/>
  </testcase> <!-- CampaignWithTypeAndStatus -->
  <testcase classname="com.crm.ContactTest.CreateContactTest" name="CreateContactWithOrgTest" time="0.0">
    <ignored/>
  </testcase> <!-- CreateContactWithOrgTest -->
  <testcase classname="com.crm.generic.baseUtility.BaseClassTest" name="@BeforeSuite beforeSuite" time="0.0">
    <ignored/>
  </testcase> <!-- @BeforeSuite beforeSuite -->
</testsuite> <!-- Test -->
